#
# A fatal error has been detected by the Java Runtime Environment:
#
#  EXCEPTION_ACCESS_VIOLATION (0xc0000005) at pc=0x00007ffcf1a9be11, pid=22380, tid=25516
#
# JRE version: OpenJDK Runtime Environment Microsoft-10800203 (21.0.6+7) (build 21.0.6+7-LTS)
# Java VM: OpenJDK 64-Bit Server VM Microsoft-10800203 (21.0.6+7-LTS, mixed mode, sharing, tiered, compressed oops, compressed class ptrs, g1 gc, windows-amd64)
# Problematic frame:
# C  [awt.dll+0xdbe11]
#
# No core dump will be written. Minidumps are not enabled by default on client versions of Windows
#
# If you would like to submit a bug report, please visit:
#   https://github.com/microsoft/openjdk/issues
# The crash happened outside the Java Virtual Machine in native code.
# See problematic frame for where to report the bug.
#

---------------  S U M M A R Y ------------

Command Line: C:\Users\louis\Documents\GitHub\CSE3666\rars1_6.jar

Host: 11th Gen Intel(R) Core(TM) i7-1165G7 @ 2.80GHz, 8 cores, 15G,  Windows 11 , 64 bit Build 26100 (10.0.26100.2454)
Time: Wed Feb  5 00:27:52 2025 Eastern Standard Time elapsed time: 25676.998099 seconds (0d 7h 7m 56s)

---------------  T H R E A D  ---------------

Current thread (0x000001cdc838ce20):  JavaThread "AWT-Windows" daemon [_thread_in_native, id=25516, stack(0x0000000f85f00000,0x0000000f86000000) (1024K)]

Stack: [0x0000000f85f00000,0x0000000f86000000],  sp=0x0000000f85ffec30,  free space=1019k
Native frames: (J=compiled Java code, j=interpreted, Vv=VM code, C=native code)
C  [awt.dll+0xdbe11]

Java frames: (J=compiled Java code, j=interpreted, Vv=VM code)
j  sun.awt.windows.WToolkit.eventLoop()V+0 java.desktop@21.0.6
j  sun.awt.windows.WToolkit.run()V+50 java.desktop@21.0.6
j  java.lang.Thread.runWith(Ljava/lang/Object;Ljava/lang/Runnable;)V+5 java.base@21.0.6
j  java.lang.Thread.run()V+19 java.base@21.0.6
v  ~StubRoutines::call_stub 0x000001cdf30310e7

siginfo: EXCEPTION_ACCESS_VIOLATION (0xc0000005), reading address 0x0000000000010009


Registers:
RAX=0x0000000000010001, RBX=0x000001cd82a8c0a0, RCX=0x0000000000000000, RDX=0x0000000000000000
RSP=0x0000000f85ffec30, RBP=0x0000000f85ffed39, RSI=0x000000007f010c27, RDI=0x0000000000000000
R8 =0x0000000000000001, R9 =0x0000000f84497000, R10=0x0000000000000000, R11=0x0000000000000246
R12=0x00007ffcf19c0000, R13=0x0000000000000310, R14=0x0000000000000000, R15=0x0000000000000001
RIP=0x00007ffcf1a9be11, EFLAGS=0x0000000000010246

XMM[0]=0x0000000000000000 0x0000000000000000
XMM[1]=0x0000000000000000 0x0000000000000000
XMM[2]=0x0000000000000000 0x0000000000000000
XMM[3]=0x0000000000000000 0x0000000000000000
XMM[4]=0x0000000000000000 0x0000000000000000
XMM[5]=0x0000000000000000 0x0000000000000000
XMM[6]=0x0000000000000000 0x0000000000000000
XMM[7]=0x0000000000000000 0x0000000000000000
XMM[8]=0x0000000000000000 0x0000000000000000
XMM[9]=0x0000000000000000 0x0000000000000000
XMM[10]=0x0000000000000000 0x0000000000000000
XMM[11]=0x0000000000000000 0x0000000000000000
XMM[12]=0x0000000000000000 0x0000000000000000
XMM[13]=0x0000000000000000 0x0000000000000000
XMM[14]=0x0000000000000000 0x0000000000000000
XMM[15]=0x0000000000000000 0x0000000000000000
  MXCSR=0x00001fa0


Register to memory mapping:

RAX=0x0000000000010001 is an unknown value
RBX=0x000001cd82a8c0a0 points into unknown readable memory: 0x000001cdca078610 | 10 86 07 ca cd 01 00 00
RCX=0x0 is null
RDX=0x0 is null
RSP=0x0000000f85ffec30 is pointing into the stack for thread: 0x000001cdc838ce20
RBP=0x0000000f85ffed39 is pointing into the stack for thread: 0x000001cdc838ce20
RSI=0x000000007f010c27 is an unknown value
RDI=0x0 is null
R8 =0x0000000000000001 is an unknown value
R9 =0x0000000f84497000 points into unknown readable memory: 0x0000000000000000 | 00 00 00 00 00 00 00 00
R10=0x0 is null
R11=0x0000000000000246 is an unknown value
R12=0x00007ffcf19c0000 awt.dll
R13=0x0000000000000310 is an unknown value
R14=0x0 is null
R15=0x0000000000000001 is an unknown value

Top of Stack: (sp=0x0000000f85ffec30)
0x0000000f85ffec30:   00007ffcf1afa848 000000007f010c27
0x0000000f85ffec40:   00006c7cc27cfbd8 0000000f85ffef28
0x0000000f85ffec50:   0000000000000000 00007ffcf1a57a5c
0x0000000f85ffec60:   000000007f010c27 000001cdc873e7f0
0x0000000f85ffec70:   000001cd82a8c0a0 000001cdc873e7f0
0x0000000f85ffec80:   000001cdc873e7f0 00007ffcf1a57b06
0x0000000f85ffec90:   0000000000000001 0000000000000000
0x0000000f85ffeca0:   000001cde1040ac0 00000000001a0018
0x0000000f85ffecb0:   000001cdc873e7f0 00007ffcf1a54e88
0x0000000f85ffecc0:   000001cdc873e7f0 0000000000000000
0x0000000f85ffecd0:   0000000f85ffef28 0000000000000000
0x0000000f85ffece0:   00007ffcf1a95550 0000000000000001
0x0000000f85ffecf0:   000029ca53e207c6 00009a97d4daf2ed
0x0000000f85ffed00:   0000000000000000 0000000f85fff0b8
0x0000000f85ffed10:   0000000000000000 00007ffd066395d2
0x0000000f85ffed20:   000001cde06d1920 000001cdc838d1d8
0x0000000f85ffed30:   000001cdc873e890 0000000000000203
0x0000000f85ffed40:   0000000f85ffef08 00006c7cc27cfc28
0x0000000f85ffed50:   0000000f85fff1e8 0000000000000000
0x0000000f85ffed60:   0000000000000000 0000000000000000
0x0000000f85ffed70:   0000000000000000 0000000000000310
0x0000000f85ffed80:   0000000000000000 000001cdc873e7f0
0x0000000f85ffed90:   000001cdc873e7f0 00007ffcf1aa101c
0x0000000f85ffeda0:   0000000f85ffee90 0000000f85fff1e8
0x0000000f85ffedb0:   00007ff413c101a0 0000000707b38858
0x0000000f85ffedc0:   000001cdc838ce00 00007ff413c101a0
0x0000000f85ffedd0:   0000000000000000 00007ffd066ef9f0
0x0000000f85ffede0:   00007ff413c101a0 0000000f85fff1e8
0x0000000f85ffedf0:   0000000f85fff420 00007ffd5f27e0cf
0x0000000f85ffee00:   0000000000100a54 00007ffd5e6d658a
0x0000000f85ffee10:   ffffffffffffffeb 00006c7cc27cfd48
0x0000000f85ffee20:   000001cde186f9b0 0000000000000000 

Instructions: (pc=0x00007ffcf1a9be11)
0x00007ffcf1a9bd11:   83 ec 28 66 0f 6e c2 0f 5b c0 f3 0f 59 41 48 0f
0x00007ffcf1a9bd21:   5a c8 f2 0f 10 05 85 4f 03 00 f2 0f 5c 0d d5 4e
0x00007ffcf1a9bd31:   01 00 66 0f 2f c1 76 0a b8 00 00 00 80 48 83 c4
0x00007ffcf1a9bd41:   28 c3 66 0f 2f 0d 55 98 02 00 76 0a b8 ff ff ff
0x00007ffcf1a9bd51:   7f 48 83 c4 28 c3 0f 28 c1 e8 b5 0d 01 00 f2 0f
0x00007ffcf1a9bd61:   2c c0 48 83 c4 28 c3 cc cc cc cc cc cc cc cc 48
0x00007ffcf1a9bd71:   83 ec 28 66 0f 6e c2 0f 5b c0 f3 0f 59 41 4c 0f
0x00007ffcf1a9bd81:   5a c8 f2 0f 10 05 25 4f 03 00 f2 0f 5c 0d 75 4e
0x00007ffcf1a9bd91:   01 00 66 0f 2f c1 76 0a b8 00 00 00 80 48 83 c4
0x00007ffcf1a9bda1:   28 c3 66 0f 2f 0d f5 97 02 00 76 0a b8 ff ff ff
0x00007ffcf1a9bdb1:   7f 48 83 c4 28 c3 0f 28 c1 e8 55 0d 01 00 f2 0f
0x00007ffcf1a9bdc1:   2c c0 48 83 c4 28 c3 cc cc cc cc cc cc cc cc 48
0x00007ffcf1a9bdd1:   8b 49 08 48 85 c9 0f 85 63 7f fe ff 33 c0 c3 48
0x00007ffcf1a9bde1:   89 5c 24 08 48 89 74 24 10 57 48 83 ec 20 8b fa
0x00007ffcf1a9bdf1:   48 8b f1 e8 87 c0 f4 ff 48 8b d8 48 89 44 24 40
0x00007ffcf1a9be01:   41 b8 01 00 00 00 8b d7 48 8b c8 e8 df bf f4 ff
0x00007ffcf1a9be11:   48 8b 48 08 48 85 c9 74 0d 48 8b d6 e8 1e 7f fe
0x00007ffcf1a9be21:   ff 48 8b f8 eb 02 33 ff 48 8b cb e8 0f c2 f4 ff
0x00007ffcf1a9be31:   90 48 8b c7 48 8b 5c 24 30 48 8b 74 24 38 48 83
0x00007ffcf1a9be41:   c4 20 5f c3 cc cc cc cc cc cc cc cc cc cc cc 48
0x00007ffcf1a9be51:   8b 01 89 10 c3 cc cc cc cc cc cc cc cc cc cc 40
0x00007ffcf1a9be61:   57 48 83 ec 40 48 83 79 38 00 48 8b f9 0f 84 96
0x00007ffcf1a9be71:   01 00 00 48 8b 0d 05 b0 06 00 ba 02 00 01 00 48
0x00007ffcf1a9be81:   89 5c 24 58 48 89 74 24 68 e8 4b f6 00 00 4c 8b
0x00007ffcf1a9be91:   05 82 b5 06 00 48 8b c8 48 8b 57 38 48 8b d8 4c
0x00007ffcf1a9bea1:   8b 08 41 ff 91 f8 02 00 00 48 8b f0 48 85 c0 0f
0x00007ffcf1a9beb1:   84 4a 01 00 00 4c 8b 0b 48 8b d0 4c 8b 05 45 b5
0x00007ffcf1a9bec1:   06 00 48 8b cb 41 ff 91 00 01 00 00 84 c0 0f 84
0x00007ffcf1a9bed1:   2b 01 00 00 48 8b 7f 08 48 8b d6 48 8b 03 48 8b
0x00007ffcf1a9bee1:   cb 4c 8b 05 37 b5 06 00 48 81 c7 00 04 00 00 48
0x00007ffcf1a9bef1:   89 6c 24 60 4c 89 7c 24 20 ff 90 f8 02 00 00 4c
0x00007ffcf1a9bf01:   8b 0b 48 8b d6 4c 8b 05 1b b5 06 00 48 8b cb 4c 


Stack slot to memory mapping:

stack at sp + 0 slots: 0x00007ffcf1afa848 awt.dll
stack at sp + 1 slots: 0x000000007f010c27 is an unknown value
stack at sp + 2 slots: 0x00006c7cc27cfbd8 is an unknown value
stack at sp + 3 slots: 0x0000000f85ffef28 is pointing into the stack for thread: 0x000001cdc838ce20
stack at sp + 4 slots: 0x0 is null
stack at sp + 5 slots: 0x00007ffcf1a57a5c awt.dll
stack at sp + 6 slots: 0x000000007f010c27 is an unknown value
stack at sp + 7 slots: 0x000001cdc873e7f0 points into unknown readable memory: 0x00007ffcf1acc8f0 | f0 c8 ac f1 fc 7f 00 00


---------------  P R O C E S S  ---------------

Threads class SMR info:
_java_thread_list=0x000001cdca429850, length=18, elements={
0x000001cd827092f0, 0x000001cd82709f40, 0x000001cd82711e30, 0x000001cd82712de0,
0x000001cd8271c790, 0x000001cd82725f30, 0x000001cd82731610, 0x000001cd827365f0,
0x000001cd828c34b0, 0x000001cd828c9cf0, 0x000001cdc838a150, 0x000001cdc838c7c0,
0x000001cdc838ce20, 0x000001cdc8393550, 0x000001cde3425970, 0x000001cdc8441640,
0x000001cdc87179c0, 0x000001cdc8716610
}

Java Threads: ( => current thread )
  0x000001cd827092f0 JavaThread "Reference Handler"          daemon [_thread_blocked, id=28564, stack(0x0000000f84e00000,0x0000000f84f00000) (1024K)]
  0x000001cd82709f40 JavaThread "Finalizer"                  daemon [_thread_blocked, id=5788, stack(0x0000000f84f00000,0x0000000f85000000) (1024K)]
  0x000001cd82711e30 JavaThread "Signal Dispatcher"          daemon [_thread_blocked, id=9248, stack(0x0000000f85000000,0x0000000f85100000) (1024K)]
  0x000001cd82712de0 JavaThread "Attach Listener"            daemon [_thread_blocked, id=18060, stack(0x0000000f85100000,0x0000000f85200000) (1024K)]
  0x000001cd8271c790 JavaThread "Service Thread"             daemon [_thread_blocked, id=24460, stack(0x0000000f85200000,0x0000000f85300000) (1024K)]
  0x000001cd82725f30 JavaThread "Monitor Deflation Thread"   daemon [_thread_blocked, id=24764, stack(0x0000000f85300000,0x0000000f85400000) (1024K)]
  0x000001cd82731610 JavaThread "C2 CompilerThread0"         daemon [_thread_blocked, id=16380, stack(0x0000000f85400000,0x0000000f85500000) (1024K)]
  0x000001cd827365f0 JavaThread "C1 CompilerThread0"         daemon [_thread_blocked, id=19832, stack(0x0000000f85500000,0x0000000f85600000) (1024K)]
  0x000001cd828c34b0 JavaThread "Notification Thread"        daemon [_thread_blocked, id=23460, stack(0x0000000f85600000,0x0000000f85700000) (1024K)]
  0x000001cd828c9cf0 JavaThread "Common-Cleaner"             daemon [_thread_blocked, id=20404, stack(0x0000000f85700000,0x0000000f85800000) (1024K)]
  0x000001cdc838a150 JavaThread "Java2D Disposer"            daemon [_thread_blocked, id=4604, stack(0x0000000f85d00000,0x0000000f85e00000) (1024K)]
  0x000001cdc838c7c0 JavaThread "AWT-Shutdown"                      [_thread_blocked, id=9116, stack(0x0000000f85e00000,0x0000000f85f00000) (1024K)]
=>0x000001cdc838ce20 JavaThread "AWT-Windows"                daemon [_thread_in_native, id=25516, stack(0x0000000f85f00000,0x0000000f86000000) (1024K)]
  0x000001cdc8393550 JavaThread "AWT-EventQueue-0"                  [_thread_blocked, id=19640, stack(0x0000000f86000000,0x0000000f86100000) (1024K)]
  0x000001cde3425970 JavaThread "DestroyJavaVM"                     [_thread_blocked, id=13764, stack(0x0000000f84600000,0x0000000f84700000) (1024K)]
  0x000001cdc8441640 JavaThread "Swing-Shell"                daemon [_thread_blocked, id=24336, stack(0x0000000f86500000,0x0000000f86600000) (1024K)]
  0x000001cdc87179c0 JavaThread "TimerQueue"                 daemon [_thread_blocked, id=5008, stack(0x0000000f85b00000,0x0000000f85c00000) (1024K)]
  0x000001cdc8716610 JavaThread "Timer-0"                           [_thread_blocked, id=6272, stack(0x0000000f86d00000,0x0000000f86e00000) (1024K)]
Total: 18

Other Threads:
  0x000001cd826ed120 VMThread "VM Thread"                           [id=26832, stack(0x0000000f84d00000,0x0000000f84e00000) (1024K)]
  0x000001cd826dc400 WatcherThread "VM Periodic Task Thread"        [id=24348, stack(0x0000000f84c00000,0x0000000f84d00000) (1024K)]
  0x000001cde3488d10 WorkerThread "GC Thread#0"                     [id=27860, stack(0x0000000f84700000,0x0000000f84800000) (1024K)]
  0x000001cd8293fe80 WorkerThread "GC Thread#1"                     [id=15352, stack(0x0000000f85800000,0x0000000f85900000) (1024K)]
  0x000001cd8294e230 WorkerThread "GC Thread#2"                     [id=29580, stack(0x0000000f85900000,0x0000000f85a00000) (1024K)]
  0x000001cdc820d000 WorkerThread "GC Thread#3"                     [id=26028, stack(0x0000000f85a00000,0x0000000f85b00000) (1024K)]
  0x000001cdc82b6080 WorkerThread "GC Thread#4"                     [id=19720, stack(0x0000000f85c00000,0x0000000f85d00000) (1024K)]
  0x000001cdc83e7bc0 WorkerThread "GC Thread#5"                     [id=8548, stack(0x0000000f86100000,0x0000000f86200000) (1024K)]
  0x000001cdc83ccc30 WorkerThread "GC Thread#6"                     [id=1096, stack(0x0000000f86200000,0x0000000f86300000) (1024K)]
  0x000001cdc83ff1a0 WorkerThread "GC Thread#7"                     [id=1924, stack(0x0000000f86300000,0x0000000f86400000) (1024K)]
  0x000001cde349ae50 ConcurrentGCThread "G1 Main Marker"            [id=25360, stack(0x0000000f84800000,0x0000000f84900000) (1024K)]
  0x000001cde349b950 WorkerThread "G1 Conc#0"                       [id=14832, stack(0x0000000f84900000,0x0000000f84a00000) (1024K)]
  0x000001cdca7ff380 WorkerThread "G1 Conc#1"                       [id=28620, stack(0x0000000f86400000,0x0000000f86500000) (1024K)]
  0x000001cd825ac5f0 ConcurrentGCThread "G1 Refine#0"               [id=21656, stack(0x0000000f84a00000,0x0000000f84b00000) (1024K)]
  0x000001cd825ace10 ConcurrentGCThread "G1 Service"                [id=4544, stack(0x0000000f84b00000,0x0000000f84c00000) (1024K)]
Total: 15

Threads with active compile tasks:
Total: 0

VM state: not at safepoint (normal execution)

VM Mutex/Monitor currently owned by a thread: None

Heap address: 0x0000000704c00000, size: 4020 MB, Compressed Oops mode: Zero based, Oop shift amount: 3

CDS archive(s) mapped at: [0x000001cd83000000-0x000001cd83c80000-0x000001cd83c80000), size 13107200, SharedBaseAddress: 0x000001cd83000000, ArchiveRelocationMode: 1.
Compressed class space mapped at: 0x000001cd84000000-0x000001cdc4000000, reserved size: 1073741824
Narrow klass base: 0x000001cd83000000, Narrow klass shift: 0, Narrow klass range: 0x100000000

GC Precious Log:
 CardTable entry size: 512
 Card Set container configuration: InlinePtr #cards 4 size 8 Array Of Cards #cards 16 size 48 Howl #buckets 8 coarsen threshold 3686 Howl Bitmap #cards 512 size 80 coarsen threshold 460 Card regions per heap region 1 cards per card region 4096
 CPUs: 8 total, 8 available
 Memory: 16074M
 Large Page Support: Disabled
 NUMA Support: Disabled
 Compressed Oops: Enabled (Zero based)
 Heap Region Size: 2M
 Heap Min Capacity: 8M
 Heap Initial Capacity: 252M
 Heap Max Capacity: 4020M
 Pre-touch: Disabled
 Parallel Workers: 8
 Concurrent Workers: 2
 Concurrent Refinement Workers: 8
 Periodic GC: Disabled

Heap:
 garbage-first heap   total 98304K, used 84855K [0x0000000704c00000, 0x0000000800000000)
  region size 2048K, 4 young (8192K), 1 survivors (2048K)
 Metaspace       used 20022K, committed 20352K, reserved 1114112K
  class space    used 2350K, committed 2496K, reserved 1048576K

Heap Regions: E=young(eden), S=young(survivor), O=old, HS=humongous(starts), HC=humongous(continues), CS=collection set, F=free, TAMS=top-at-mark-start, PB=parsable bottom
|   0|0x0000000704c00000, 0x0000000704dfffc8, 0x0000000704e00000| 99%| O|  |TAMS 0x0000000704c00000| PB 0x0000000704c00000| Untracked 
|   1|0x0000000704e00000, 0x0000000704ffa110, 0x0000000705000000| 98%| O|  |TAMS 0x0000000704e00000| PB 0x0000000704e00000| Untracked 
|   2|0x0000000705000000, 0x000000070501d0f8, 0x0000000705200000|  5%| O|  |TAMS 0x0000000705000000| PB 0x0000000705000000| Untracked 
|   3|0x0000000705200000, 0x000000070523cd88, 0x0000000705400000| 11%| O|Cm|TAMS 0x0000000705200000| PB 0x0000000705200000| Complete 
|   4|0x0000000705400000, 0x0000000705600000, 0x0000000705600000|100%|HS|  |TAMS 0x0000000705400000| PB 0x0000000705400000| Complete 
|   5|0x0000000705600000, 0x0000000705800000, 0x0000000705800000|100%|HC|  |TAMS 0x0000000705600000| PB 0x0000000705600000| Complete 
|   6|0x0000000705800000, 0x0000000705a00000, 0x0000000705a00000|100%|HC|  |TAMS 0x0000000705800000| PB 0x0000000705800000| Complete 
|   7|0x0000000705a00000, 0x0000000705c00000, 0x0000000705c00000|100%|HC|  |TAMS 0x0000000705a00000| PB 0x0000000705a00000| Complete 
|   8|0x0000000705c00000, 0x0000000705e00000, 0x0000000705e00000|100%|HS|  |TAMS 0x0000000705c00000| PB 0x0000000705c00000| Complete 
|   9|0x0000000705e00000, 0x0000000706000000, 0x0000000706000000|100%|HC|  |TAMS 0x0000000705e00000| PB 0x0000000705e00000| Complete 
|  10|0x0000000706000000, 0x0000000706200000, 0x0000000706200000|100%|HC|  |TAMS 0x0000000706000000| PB 0x0000000706000000| Complete 
|  11|0x0000000706200000, 0x0000000706400000, 0x0000000706400000|100%|HC|  |TAMS 0x0000000706200000| PB 0x0000000706200000| Complete 
|  12|0x0000000706400000, 0x0000000706400000, 0x0000000706600000|  0%| F|  |TAMS 0x0000000706400000| PB 0x0000000706400000| Untracked 
|  13|0x0000000706600000, 0x0000000706600000, 0x0000000706800000|  0%| F|  |TAMS 0x0000000706600000| PB 0x0000000706600000| Untracked 
|  14|0x0000000706800000, 0x0000000706a00000, 0x0000000706a00000|100%|HS|  |TAMS 0x0000000706800000| PB 0x0000000706800000| Complete 
|  15|0x0000000706a00000, 0x0000000706c00000, 0x0000000706c00000|100%|HC|  |TAMS 0x0000000706a00000| PB 0x0000000706a00000| Complete 
|  16|0x0000000706c00000, 0x0000000706e00000, 0x0000000706e00000|100%|HC|  |TAMS 0x0000000706c00000| PB 0x0000000706c00000| Complete 
|  17|0x0000000706e00000, 0x0000000707000000, 0x0000000707000000|100%|HC|  |TAMS 0x0000000706e00000| PB 0x0000000706e00000| Complete 
|  18|0x0000000707000000, 0x0000000707200000, 0x0000000707200000|100%|HS|  |TAMS 0x0000000707000000| PB 0x0000000707000000| Complete 
|  19|0x0000000707200000, 0x0000000707400000, 0x0000000707400000|100%|HC|  |TAMS 0x0000000707200000| PB 0x0000000707200000| Complete 
|  20|0x0000000707400000, 0x0000000707600000, 0x0000000707600000|100%|HC|  |TAMS 0x0000000707400000| PB 0x0000000707400000| Complete 
|  21|0x0000000707600000, 0x0000000707800000, 0x0000000707800000|100%|HC|  |TAMS 0x0000000707600000| PB 0x0000000707600000| Complete 
|  22|0x0000000707800000, 0x0000000707800000, 0x0000000707a00000|  0%| F|  |TAMS 0x0000000707800000| PB 0x0000000707800000| Untracked 
|  23|0x0000000707a00000, 0x0000000707bc62d8, 0x0000000707c00000| 88%| E|  |TAMS 0x0000000707a00000| PB 0x0000000707a00000| Complete 
|  24|0x0000000707c00000, 0x0000000707e00000, 0x0000000707e00000|100%| E|CS|TAMS 0x0000000707c00000| PB 0x0000000707c00000| Complete 
|  25|0x0000000707e00000, 0x0000000708000000, 0x0000000708000000|100%| E|CS|TAMS 0x0000000707e00000| PB 0x0000000707e00000| Complete 
|  26|0x0000000708000000, 0x0000000708200000, 0x0000000708200000|100%| O|  |TAMS 0x0000000708000000| PB 0x0000000708000000| Untracked 
|  27|0x0000000708200000, 0x0000000708400000, 0x0000000708400000|100%|HS|  |TAMS 0x0000000708200000| PB 0x0000000708200000| Complete 
|  28|0x0000000708400000, 0x0000000708600000, 0x0000000708600000|100%|HC|  |TAMS 0x0000000708400000| PB 0x0000000708400000| Complete 
|  29|0x0000000708600000, 0x0000000708800000, 0x0000000708800000|100%|HC|  |TAMS 0x0000000708600000| PB 0x0000000708600000| Complete 
|  30|0x0000000708800000, 0x0000000708a00000, 0x0000000708a00000|100%|HC|  |TAMS 0x0000000708800000| PB 0x0000000708800000| Complete 
|  31|0x0000000708a00000, 0x0000000708c00000, 0x0000000708c00000|100%|HS|  |TAMS 0x0000000708a00000| PB 0x0000000708a00000| Complete 
|  32|0x0000000708c00000, 0x0000000708e00000, 0x0000000708e00000|100%|HC|  |TAMS 0x0000000708c00000| PB 0x0000000708c00000| Complete 
|  33|0x0000000708e00000, 0x0000000709000000, 0x0000000709000000|100%|HC|  |TAMS 0x0000000708e00000| PB 0x0000000708e00000| Complete 
|  34|0x0000000709000000, 0x0000000709200000, 0x0000000709200000|100%|HC|  |TAMS 0x0000000709000000| PB 0x0000000709000000| Complete 
|  35|0x0000000709200000, 0x0000000709400000, 0x0000000709400000|100%|HS|  |TAMS 0x0000000709200000| PB 0x0000000709200000| Complete 
|  36|0x0000000709400000, 0x0000000709600000, 0x0000000709600000|100%|HC|  |TAMS 0x0000000709400000| PB 0x0000000709400000| Complete 
|  37|0x0000000709600000, 0x0000000709800000, 0x0000000709800000|100%|HC|  |TAMS 0x0000000709600000| PB 0x0000000709600000| Complete 
|  38|0x0000000709800000, 0x0000000709a00000, 0x0000000709a00000|100%|HC|  |TAMS 0x0000000709800000| PB 0x0000000709800000| Complete 
|  39|0x0000000709a00000, 0x0000000709c00000, 0x0000000709c00000|100%|HS|  |TAMS 0x0000000709a00000| PB 0x0000000709a00000| Complete 
|  40|0x0000000709c00000, 0x0000000709e00000, 0x0000000709e00000|100%|HC|  |TAMS 0x0000000709c00000| PB 0x0000000709c00000| Complete 
|  41|0x0000000709e00000, 0x000000070a000000, 0x000000070a000000|100%|HC|  |TAMS 0x0000000709e00000| PB 0x0000000709e00000| Complete 
|  42|0x000000070a000000, 0x000000070a200000, 0x000000070a200000|100%|HC|  |TAMS 0x000000070a000000| PB 0x000000070a000000| Complete 
|  43|0x000000070a200000, 0x000000070a289ed0, 0x000000070a400000| 26%| S|CS|TAMS 0x000000070a200000| PB 0x000000070a200000| Complete 
|  44|0x000000070a400000, 0x000000070a600000, 0x000000070a600000|100%|HS|  |TAMS 0x000000070a400000| PB 0x000000070a400000| Complete 
|  45|0x000000070a600000, 0x000000070a800000, 0x000000070a800000|100%|HC|  |TAMS 0x000000070a600000| PB 0x000000070a600000| Complete 
|  46|0x000000070a800000, 0x000000070aa00000, 0x000000070aa00000|100%|HC|  |TAMS 0x000000070a800000| PB 0x000000070a800000| Complete 
|  47|0x000000070aa00000, 0x000000070ac00000, 0x000000070ac00000|100%|HC|  |TAMS 0x000000070aa00000| PB 0x000000070aa00000| Complete 

Card table byte_map: [0x000001cdfb610000,0x000001cdfbdf0000] _byte_map_base: 0x000001cdf7dea000

Marking Bits: (CMBitMap*) 0x000001cde3489410
 Bits: [0x000001cdfbdf0000, 0x000001cdffcc0000)

Polling page: 0x000001cde09a0000

Metaspace:

Usage:
  Non-class:     17.26 MB used.
      Class:      2.30 MB used.
       Both:     19.55 MB used.

Virtual space:
  Non-class space:       64.00 MB reserved,      17.44 MB ( 27%) committed,  1 nodes.
      Class space:        1.00 GB reserved,       2.44 MB ( <1%) committed,  1 nodes.
             Both:        1.06 GB reserved,      19.88 MB (  2%) committed. 

Chunk freelists:
   Non-Class:  14.69 MB
       Class:  13.65 MB
        Both:  28.33 MB

MaxMetaspaceSize: unlimited
CompressedClassSpaceSize: 1.00 GB
Initial GC threshold: 21.00 MB
Current GC threshold: 32.94 MB
CDS: on
 - commit_granule_bytes: 65536.
 - commit_granule_words: 8192.
 - virtual_space_node_default_size: 8388608.
 - enlarge_chunks_in_place: 1.
 - use_allocation_guard: 0.


Internal statistics:

num_allocs_failed_limit: 0.
num_arena_births: 196.
num_arena_deaths: 82.
num_vsnodes_births: 2.
num_vsnodes_deaths: 0.
num_space_committed: 318.
num_space_uncommitted: 0.
num_chunks_returned_to_freelist: 106.
num_chunks_taken_from_freelist: 414.
num_chunk_merges: 25.
num_chunk_splits: 237.
num_chunks_enlarged: 118.
num_inconsistent_stats: 0.

CodeHeap 'non-profiled nmethods': size=120000Kb used=4116Kb max_used=4735Kb free=115883Kb
 bounds [0x000001cdf35d0000, 0x000001cdf3a80000, 0x000001cdfab00000]
CodeHeap 'profiled nmethods': size=120000Kb used=7865Kb max_used=12441Kb free=112134Kb
 bounds [0x000001cdebb00000, 0x000001cdec730000, 0x000001cdf3030000]
CodeHeap 'non-nmethods': size=5760Kb used=1843Kb max_used=1885Kb free=3916Kb
 bounds [0x000001cdf3030000, 0x000001cdf32a0000, 0x000001cdf35d0000]
 total_blobs=4668 nmethods=3978 adapters=593
 compilation: enabled
              stopped_count=0, restarted_count=0
 full_count=0

Compilation events (20 events):
Event: 7744.525 Thread 0x000001cd827365f0 6829       1       javax.swing.JInternalFrame::isIconifiable (5 bytes)
Event: 7744.525 Thread 0x000001cd827365f0 nmethod 6829 0x000001cdf363dd90 code [0x000001cdf363df20, 0x000001cdf363dff0]
Event: 7744.661 Thread 0x000001cd827365f0 6830       3       javax.swing.Box::paintComponent (45 bytes)
Event: 7744.662 Thread 0x000001cd827365f0 nmethod 6830 0x000001cdec3bb110 code [0x000001cdec3bb340, 0x000001cdec3bbba8]
Event: 7744.666 Thread 0x000001cd82731610 6831       4       sun.java2d.SunGraphics2D::setRenderingHint (543 bytes)
Event: 7744.682 Thread 0x000001cd82731610 nmethod 6831 0x000001cdf38b1910 code [0x000001cdf38b1b40, 0x000001cdf38b2750]
Event: 7744.723 Thread 0x000001cd827365f0 6832  s    3       sun.awt.windows.WDesktopProperties::setBooleanProperty (57 bytes)
Event: 7744.724 Thread 0x000001cd827365f0 nmethod 6832 0x000001cdebe7f790 code [0x000001cdebe7f9c0, 0x000001cdebe800b0]
Event: 7744.994 Thread 0x000001cd827365f0 6833       3       java.util.ComparableTimSort::binarySort (223 bytes)
Event: 7744.995 Thread 0x000001cd827365f0 nmethod 6833 0x000001cdec399e90 code [0x000001cdec39a0c0, 0x000001cdec39acb0]
Event: 7745.005 Thread 0x000001cd82731610 6834       4       java.util.HashMap$KeyIterator::next (8 bytes)
Event: 7745.011 Thread 0x000001cd82731610 nmethod 6834 0x000001cdf36dc810 code [0x000001cdf36dc9c0, 0x000001cdf36dce20]
Event: 9233.521 Thread 0x000001cd82731610 6835       4       java.awt.Color::<init> (11 bytes)
Event: 9233.533 Thread 0x000001cd82731610 nmethod 6835 0x000001cdf366e790 code [0x000001cdf366e920, 0x000001cdf366eb78]
Event: 9233.662 Thread 0x000001cd827365f0 6836       3       javax.swing.plaf.basic.BasicTextUI::update (7 bytes)
Event: 9233.662 Thread 0x000001cd827365f0 nmethod 6836 0x000001cdebc4cc10 code [0x000001cdebc4cdc0, 0x000001cdebc4cef8]
Event: 9233.662 Thread 0x000001cd827365f0 6837   !   3       javax.swing.plaf.basic.BasicTextUI::paint (85 bytes)
Event: 9233.663 Thread 0x000001cd827365f0 nmethod 6837 0x000001cdec1e7f90 code [0x000001cdec1e81c0, 0x000001cdec1e8cc0]
Event: 9233.663 Thread 0x000001cd827365f0 6838       3       javax.swing.text.DefaultHighlighter::paint (186 bytes)
Event: 9233.666 Thread 0x000001cd827365f0 nmethod 6838 0x000001cdec3dc910 code [0x000001cdec3dcbc0, 0x000001cdec3ddd70]

GC Heap History (20 events):
Event: 591.159 GC heap before
{Heap before GC invocations=14 (full 5):
 garbage-first heap   total 55296K, used 23379K [0x0000000704c00000, 0x0000000800000000)
  region size 2048K, 6 young (12288K), 1 survivors (2048K)
 Metaspace       used 19910K, committed 20224K, reserved 1114112K
  class space    used 2365K, committed 2496K, reserved 1048576K
}
Event: 591.204 GC heap after
{Heap after GC invocations=15 (full 6):
 garbage-first heap   total 55296K, used 14497K [0x0000000704c00000, 0x0000000800000000)
  region size 2048K, 0 young (0K), 0 survivors (0K)
 Metaspace       used 19910K, committed 20224K, reserved 1114112K
  class space    used 2365K, committed 2496K, reserved 1048576K
}
Event: 654.554 GC heap before
{Heap before GC invocations=15 (full 6):
 garbage-first heap   total 55296K, used 47265K [0x0000000704c00000, 0x0000000800000000)
  region size 2048K, 16 young (32768K), 0 survivors (0K)
 Metaspace       used 19936K, committed 20224K, reserved 1114112K
  class space    used 2365K, committed 2496K, reserved 1048576K
}
Event: 654.556 GC heap after
{Heap after GC invocations=16 (full 6):
 garbage-first heap   total 55296K, used 14883K [0x0000000704c00000, 0x0000000800000000)
  region size 2048K, 1 young (2048K), 1 survivors (2048K)
 Metaspace       used 19936K, committed 20224K, reserved 1114112K
  class space    used 2365K, committed 2496K, reserved 1048576K
}
Event: 713.160 GC heap before
{Heap before GC invocations=16 (full 6):
 garbage-first heap   total 55296K, used 45603K [0x0000000704c00000, 0x0000000800000000)
  region size 2048K, 16 young (32768K), 1 survivors (2048K)
 Metaspace       used 19937K, committed 20224K, reserved 1114112K
  class space    used 2365K, committed 2496K, reserved 1048576K
}
Event: 713.164 GC heap after
{Heap after GC invocations=17 (full 6):
 garbage-first heap   total 55296K, used 14923K [0x0000000704c00000, 0x0000000800000000)
  region size 2048K, 1 young (2048K), 1 survivors (2048K)
 Metaspace       used 19937K, committed 20224K, reserved 1114112K
  class space    used 2365K, committed 2496K, reserved 1048576K
}
Event: 736.651 GC heap before
{Heap before GC invocations=17 (full 6):
 garbage-first heap   total 55296K, used 45643K [0x0000000704c00000, 0x0000000800000000)
  region size 2048K, 16 young (32768K), 1 survivors (2048K)
 Metaspace       used 19939K, committed 20224K, reserved 1114112K
  class space    used 2365K, committed 2496K, reserved 1048576K
}
Event: 736.654 GC heap after
{Heap after GC invocations=18 (full 6):
 garbage-first heap   total 55296K, used 14901K [0x0000000704c00000, 0x0000000800000000)
  region size 2048K, 1 young (2048K), 1 survivors (2048K)
 Metaspace       used 19939K, committed 20224K, reserved 1114112K
  class space    used 2365K, committed 2496K, reserved 1048576K
}
Event: 761.879 GC heap before
{Heap before GC invocations=18 (full 6):
 garbage-first heap   total 55296K, used 45621K [0x0000000704c00000, 0x0000000800000000)
  region size 2048K, 16 young (32768K), 1 survivors (2048K)
 Metaspace       used 19946K, committed 20224K, reserved 1114112K
  class space    used 2365K, committed 2496K, reserved 1048576K
}
Event: 761.882 GC heap after
{Heap after GC invocations=19 (full 6):
 garbage-first heap   total 55296K, used 14914K [0x0000000704c00000, 0x0000000800000000)
  region size 2048K, 1 young (2048K), 1 survivors (2048K)
 Metaspace       used 19946K, committed 20224K, reserved 1114112K
  class space    used 2365K, committed 2496K, reserved 1048576K
}
Event: 788.527 GC heap before
{Heap before GC invocations=19 (full 6):
 garbage-first heap   total 55296K, used 23106K [0x0000000704c00000, 0x0000000800000000)
  region size 2048K, 6 young (12288K), 1 survivors (2048K)
 Metaspace       used 19947K, committed 20224K, reserved 1114112K
  class space    used 2365K, committed 2496K, reserved 1048576K
}
Event: 788.553 GC heap after
{Heap after GC invocations=20 (full 7):
 garbage-first heap   total 55296K, used 14490K [0x0000000704c00000, 0x0000000800000000)
  region size 2048K, 0 young (0K), 0 survivors (0K)
 Metaspace       used 19947K, committed 20224K, reserved 1114112K
  class space    used 2365K, committed 2496K, reserved 1048576K
}
Event: 812.488 GC heap before
{Heap before GC invocations=20 (full 7):
 garbage-first heap   total 55296K, used 26778K [0x0000000704c00000, 0x0000000800000000)
  region size 2048K, 7 young (14336K), 0 survivors (0K)
 Metaspace       used 19971K, committed 20224K, reserved 1114112K
  class space    used 2365K, committed 2496K, reserved 1048576K
}
Event: 812.516 GC heap after
{Heap after GC invocations=21 (full 8):
 garbage-first heap   total 55296K, used 14671K [0x0000000704c00000, 0x0000000800000000)
  region size 2048K, 0 young (0K), 0 survivors (0K)
 Metaspace       used 19971K, committed 20224K, reserved 1114112K
  class space    used 2365K, committed 2496K, reserved 1048576K
}
Event: 3187.192 GC heap before
{Heap before GC invocations=21 (full 8):
 garbage-first heap   total 55296K, used 35151K [0x0000000704c00000, 0x0000000800000000)
  region size 2048K, 11 young (22528K), 0 survivors (0K)
 Metaspace       used 20047K, committed 20288K, reserved 1114112K
  class space    used 2369K, committed 2496K, reserved 1048576K
}
Event: 3187.194 GC heap after
{Heap after GC invocations=22 (full 8):
 garbage-first heap   total 55296K, used 15034K [0x0000000704c00000, 0x0000000800000000)
  region size 2048K, 1 young (2048K), 1 survivors (2048K)
 Metaspace       used 20047K, committed 20288K, reserved 1114112K
  class space    used 2369K, committed 2496K, reserved 1048576K
}
Event: 4943.062 GC heap before
{Heap before GC invocations=22 (full 8):
 garbage-first heap   total 55296K, used 23226K [0x0000000704c00000, 0x0000000800000000)
  region size 2048K, 3 young (6144K), 1 survivors (2048K)
 Metaspace       used 20049K, committed 20288K, reserved 1114112K
  class space    used 2369K, committed 2496K, reserved 1048576K
}
Event: 4943.064 GC heap after
{Heap after GC invocations=23 (full 8):
 garbage-first heap   total 55296K, used 23270K [0x0000000704c00000, 0x0000000800000000)
  region size 2048K, 1 young (2048K), 1 survivors (2048K)
 Metaspace       used 20049K, committed 20288K, reserved 1114112K
  class space    used 2369K, committed 2496K, reserved 1048576K
}
Event: 5688.420 GC heap before
{Heap before GC invocations=24 (full 8):
 garbage-first heap   total 88064K, used 82662K [0x0000000704c00000, 0x0000000800000000)
  region size 2048K, 6 young (12288K), 1 survivors (2048K)
 Metaspace       used 20008K, committed 20352K, reserved 1114112K
  class space    used 2349K, committed 2496K, reserved 1048576K
}
Event: 5688.423 GC heap after
{Heap after GC invocations=25 (full 8):
 garbage-first heap   total 90112K, used 64375K [0x0000000704c00000, 0x0000000800000000)
  region size 2048K, 1 young (2048K), 1 survivors (2048K)
 Metaspace       used 20008K, committed 20352K, reserved 1114112K
  class space    used 2349K, committed 2496K, reserved 1048576K
}

Dll operation events (10 events):
Event: 0.012 Loaded shared library C:\Program Files\Microsoft\jdk-21.0.6.7-hotspot\bin\java.dll
Event: 0.053 Loaded shared library C:\Program Files\Microsoft\jdk-21.0.6.7-hotspot\bin\jsvml.dll
Event: 0.114 Loaded shared library C:\Program Files\Microsoft\jdk-21.0.6.7-hotspot\bin\net.dll
Event: 0.118 Loaded shared library C:\Program Files\Microsoft\jdk-21.0.6.7-hotspot\bin\nio.dll
Event: 0.124 Loaded shared library C:\Program Files\Microsoft\jdk-21.0.6.7-hotspot\bin\zip.dll
Event: 0.137 Loaded shared library C:\Program Files\Microsoft\jdk-21.0.6.7-hotspot\bin\jimage.dll
Event: 0.181 Loaded shared library C:\Program Files\Microsoft\jdk-21.0.6.7-hotspot\bin\prefs.dll
Event: 0.203 Loaded shared library C:\Program Files\Microsoft\jdk-21.0.6.7-hotspot\bin\awt.dll
Event: 0.551 Loaded shared library C:\Program Files\Microsoft\jdk-21.0.6.7-hotspot\bin\freetype.dll
Event: 0.552 Loaded shared library C:\Program Files\Microsoft\jdk-21.0.6.7-hotspot\bin\fontmanager.dll

Deoptimization events (20 events):
Event: 4425.141 Thread 0x000001cdc8393550 Uncommon trap: trap_request=0xffffff45 fr.pc=0x000001cdf3a5b364 relative=0x00000000000065a4
Event: 4425.141 Thread 0x000001cdc8393550 Uncommon trap: reason=unstable_if action=reinterpret pc=0x000001cdf3a5b364 method=javax.swing.RepaintManager.getDoubleBufferMaximumSize()Ljava/awt/Dimension; @ 4 c2
Event: 4425.141 Thread 0x000001cdc8393550 DEOPT PACKING pc=0x000001cdf3a5b364 sp=0x0000000f860fea50
Event: 4425.141 Thread 0x000001cdc8393550 DEOPT UNPACKING pc=0x000001cdf3087da2 sp=0x0000000f860fe758 mode 2
Event: 4942.761 Thread 0x000001cdc8393550 Uncommon trap: trap_request=0xffffffc6 fr.pc=0x000001cdf372b908 relative=0x00000000000001a8
Event: 4942.761 Thread 0x000001cdc8393550 Uncommon trap: reason=bimorphic_or_optimized_type_check action=maybe_recompile pc=0x000001cdf372b908 method=sun.java2d.loops.SurfaceType.pixelFor(ILjava/awt/image/ColorModel;)I @ 6 c2
Event: 4942.761 Thread 0x000001cdc8393550 DEOPT PACKING pc=0x000001cdf372b908 sp=0x0000000f860fea60
Event: 4942.761 Thread 0x000001cdc8393550 DEOPT UNPACKING pc=0x000001cdf3087da2 sp=0x0000000f860fe8f0 mode 2
Event: 4942.761 Thread 0x000001cdc8393550 Uncommon trap: trap_request=0xffffffc6 fr.pc=0x000001cdf372b908 relative=0x00000000000001a8
Event: 4942.761 Thread 0x000001cdc8393550 Uncommon trap: reason=bimorphic_or_optimized_type_check action=maybe_recompile pc=0x000001cdf372b908 method=sun.java2d.loops.SurfaceType.pixelFor(ILjava/awt/image/ColorModel;)I @ 6 c2
Event: 4942.761 Thread 0x000001cdc8393550 DEOPT PACKING pc=0x000001cdf372b908 sp=0x0000000f860fea60
Event: 4942.761 Thread 0x000001cdc8393550 DEOPT UNPACKING pc=0x000001cdf3087da2 sp=0x0000000f860fe8f0 mode 2
Event: 4943.136 Thread 0x000001cdc838a150 Uncommon trap: trap_request=0xffffff45 fr.pc=0x000001cdf3652170 relative=0x00000000000000d0
Event: 4943.136 Thread 0x000001cdc838a150 Uncommon trap: reason=unstable_if action=reinterpret pc=0x000001cdf3652170 method=java.lang.ref.SoftReference.get()Ljava/lang/Object; @ 6 c2
Event: 4943.136 Thread 0x000001cdc838a150 DEOPT PACKING pc=0x000001cdf3652170 sp=0x0000000f85dff2e0
Event: 4943.136 Thread 0x000001cdc838a150 DEOPT UNPACKING pc=0x000001cdf3087da2 sp=0x0000000f85dff298 mode 2
Event: 4943.796 Thread 0x000001cdc87179c0 Uncommon trap: trap_request=0xffffff45 fr.pc=0x000001cdf3626038 relative=0x00000000000000f8
Event: 4943.796 Thread 0x000001cdc87179c0 Uncommon trap: reason=unstable_if action=reinterpret pc=0x000001cdf3626038 method=javax.swing.Timer.post()V @ 9 c2
Event: 4943.796 Thread 0x000001cdc87179c0 DEOPT PACKING pc=0x000001cdf3626038 sp=0x0000000f85bff1e0
Event: 4943.796 Thread 0x000001cdc87179c0 DEOPT UNPACKING pc=0x000001cdf3087da2 sp=0x0000000f85bff180 mode 2

Classes loaded (20 events):
Event: 489.495 Loading class javax/swing/JTable$CellEditorRemover
Event: 489.507 Loading class javax/swing/JTable$CellEditorRemover done
Event: 489.508 Loading class javax/swing/JTable$GenericEditor
Event: 489.508 Loading class javax/swing/JTable$GenericEditor done
Event: 489.511 Loading class javax/swing/DefaultCellEditor$1
Event: 489.512 Loading class javax/swing/DefaultCellEditor$EditorDelegate
Event: 489.512 Loading class javax/swing/DefaultCellEditor$EditorDelegate done
Event: 489.512 Loading class javax/swing/DefaultCellEditor$1 done
Event: 884.095 Loading class javax/swing/JToggleButton$1
Event: 884.107 Loading class javax/swing/JToggleButton$1 done
Event: 3187.056 Loading class java/util/WeakHashMap$KeyIterator
Event: 3187.062 Loading class java/util/WeakHashMap$HashIterator
Event: 3187.102 Loading class java/util/WeakHashMap$HashIterator done
Event: 3187.102 Loading class java/util/WeakHashMap$KeyIterator done
Event: 3187.124 Loading class javax/swing/RepaintManager$DisplayChangedRunnable
Event: 3187.124 Loading class javax/swing/RepaintManager$DisplayChangedRunnable done
Event: 8639.430 Loading class java/awt/desktop/SystemSleepListener
Event: 8639.430 Loading class java/awt/desktop/SystemEventListener
Event: 8639.430 Loading class java/awt/desktop/SystemEventListener done
Event: 8639.431 Loading class java/awt/desktop/SystemSleepListener done

Classes unloaded (20 events):
Event: 4943.112 Thread 0x000001cd826ed120 Unloading class 0x000001cd84029c00 'java/lang/invoke/LambdaForm$MH+0x000001cd84029c00'
Event: 4943.112 Thread 0x000001cd826ed120 Unloading class 0x000001cd84029800 'java/lang/invoke/LambdaForm$MH+0x000001cd84029800'
Event: 4943.112 Thread 0x000001cd826ed120 Unloading class 0x000001cd84029400 'java/lang/invoke/LambdaForm$MH+0x000001cd84029400'
Event: 4943.112 Thread 0x000001cd826ed120 Unloading class 0x000001cd84028c00 'java/lang/invoke/LambdaForm$MH+0x000001cd84028c00'
Event: 4943.112 Thread 0x000001cd826ed120 Unloading class 0x000001cd84028000 'java/lang/invoke/LambdaForm$MH+0x000001cd84028000'
Event: 4943.112 Thread 0x000001cd826ed120 Unloading class 0x000001cd8400a800 'java/lang/invoke/LambdaForm$MH+0x000001cd8400a800'
Event: 4943.112 Thread 0x000001cd826ed120 Unloading class 0x000001cd8400a000 'java/lang/invoke/LambdaForm$MH+0x000001cd8400a000'
Event: 4943.112 Thread 0x000001cd826ed120 Unloading class 0x000001cd84009c00 'java/lang/invoke/LambdaForm$MH+0x000001cd84009c00'
Event: 4943.112 Thread 0x000001cd826ed120 Unloading class 0x000001cd84009800 'java/lang/invoke/LambdaForm$MH+0x000001cd84009800'
Event: 4943.112 Thread 0x000001cd826ed120 Unloading class 0x000001cd84009400 'java/lang/invoke/LambdaForm$MH+0x000001cd84009400'
Event: 4943.112 Thread 0x000001cd826ed120 Unloading class 0x000001cd84008c00 'java/lang/invoke/LambdaForm$MH+0x000001cd84008c00'
Event: 4943.112 Thread 0x000001cd826ed120 Unloading class 0x000001cd84008800 'java/lang/invoke/LambdaForm$MH+0x000001cd84008800'
Event: 4943.112 Thread 0x000001cd826ed120 Unloading class 0x000001cd84008400 'java/lang/invoke/LambdaForm$MH+0x000001cd84008400'
Event: 4943.112 Thread 0x000001cd826ed120 Unloading class 0x000001cd84007c00 'java/lang/invoke/LambdaForm$MH+0x000001cd84007c00'
Event: 4943.112 Thread 0x000001cd826ed120 Unloading class 0x000001cd84007000 'java/lang/invoke/LambdaForm$MH+0x000001cd84007000'
Event: 4943.112 Thread 0x000001cd826ed120 Unloading class 0x000001cd84006c00 'java/lang/invoke/LambdaForm$MH+0x000001cd84006c00'
Event: 4943.112 Thread 0x000001cd826ed120 Unloading class 0x000001cd84006400 'java/lang/invoke/LambdaForm$MH+0x000001cd84006400'
Event: 4943.112 Thread 0x000001cd826ed120 Unloading class 0x000001cd84005c00 'java/lang/invoke/LambdaForm$MH+0x000001cd84005c00'
Event: 4943.112 Thread 0x000001cd826ed120 Unloading class 0x000001cd84004c00 'java/lang/invoke/LambdaForm$MH+0x000001cd84004c00'
Event: 4943.112 Thread 0x000001cd826ed120 Unloading class 0x000001cd84004000 'java/lang/invoke/LambdaForm$MH+0x000001cd84004000'

Classes redefined (0 events):
No events

Internal exceptions (20 events):
Event: 0.594 Thread 0x000001cdc8393550 Exception <a 'java/io/FileNotFoundException'{0x0000000705366658}> (0x0000000705366658) 
thrown [s\src\hotspot\share\prims\jni.cpp, line 520]
Event: 0.598 Thread 0x000001cdc8393550 Exception <a 'java/io/FileNotFoundException'{0x00000007053834b8}> (0x00000007053834b8) 
thrown [s\src\hotspot\share\prims\jni.cpp, line 520]
Event: 0.794 Thread 0x000001cdc8393550 Exception <a 'java/lang/NoSuchMethodError'{0x000000070caea920}: 'void java.lang.invoke.DirectMethodHandle$Holder.invokeStatic(java.lang.Object, java.lang.Object, java.lang.Object)'> (0x000000070caea920) 
thrown [s\src\hotspot\share\interpreter\linkResolver.cpp, line 773]
Event: 0.795 Thread 0x000001cdc8393550 Exception <a 'java/lang/NoSuchMethodError'{0x000000070caf09d0}: 'void java.lang.invoke.DirectMethodHandle$Holder.invokeStatic(java.lang.Object, java.lang.Object)'> (0x000000070caf09d0) 
thrown [s\src\hotspot\share\interpreter\linkResolver.cpp, line 773]
Event: 0.803 Thread 0x000001cdc8427650 Exception <a 'java/lang/NoSuchMethodError'{0x000000070cb14de8}: 'java.lang.Object java.lang.invoke.DirectMethodHandle$Holder.newInvokeSpecial(java.lang.Object, java.lang.Object, java.lang.Object, int, int, int, int, int)'> (0x000000070cb14de8) 
thrown [s\src\hotspot\share\interpreter\linkResolver.cpp, line 773]
Event: 1.440 Thread 0x000001cdc838ce20 Exception <a 'java/lang/NoSuchMethodError'{0x000000070c172f10}: 'void java.lang.invoke.DirectMethodHandle$Holder.invokeVirtual(java.lang.Object, java.lang.Object)'> (0x000000070c172f10) 
thrown [s\src\hotspot\share\interpreter\linkResolver.cpp, line 773]
Event: 1.458 Thread 0x000001cdc8393550 Exception <a 'java/lang/NoSuchMethodError'{0x000000070c199ab8}: 'void java.lang.invoke.DirectMethodHandle$Holder.invokeStaticInit(java.lang.Object)'> (0x000000070c199ab8) 
thrown [s\src\hotspot\share\interpreter\linkResolver.cpp, line 773]
Event: 3.621 Thread 0x000001cdc8393550 Exception <a 'java/lang/NoSuchMethodError'{0x000000070bbfe288}: 'int java.lang.invoke.DirectMethodHandle$Holder.invokeStatic(java.lang.Object)'> (0x000000070bbfe288) 
thrown [s\src\hotspot\share\interpreter\linkResolver.cpp, line 773]
Event: 7.187 Thread 0x000001cdc8393550 Implicit null exception at 0x000001cdf36d7483 to 0x000001cdf36d7748
Event: 166.078 Thread 0x000001cdc8393550 Implicit null exception at 0x000001cdf37a5137 to 0x000001cdf37a8444
Event: 306.461 Thread 0x000001cdc8393550 Implicit null exception at 0x000001cdf38d35a3 to 0x000001cdf38d58c4
Event: 388.771 Thread 0x000001cdc8393550 Implicit null exception at 0x000001cdf38c1cf2 to 0x000001cdf38c4300
Event: 389.615 Thread 0x000001cd82a320b0 Implicit null exception at 0x000001cdf396ba0c to 0x000001cdf396bba4
Event: 422.320 Thread 0x000001cdc8393550 Implicit null exception at 0x000001cdf39892e3 to 0x000001cdf398a830
Event: 424.898 Thread 0x000001cdc8393550 Implicit null exception at 0x000001cdf370f5b7 to 0x000001cdf37116d8
Event: 424.899 Thread 0x000001cdc8393550 Implicit null exception at 0x000001cdf3794403 to 0x000001cdf37952a8
Event: 713.164 Thread 0x000001cdc838a150 Implicit null exception at 0x000001cdf36e0d95 to 0x000001cdf36e1799
Event: 812.516 Thread 0x000001cd827092f0 Implicit null exception at 0x000001cdf3985e1a to 0x000001cdf3986820
Event: 822.524 Thread 0x000001cdc8393550 Implicit null exception at 0x000001cdf3797083 to 0x000001cdf3797f4c
Event: 4425.141 Thread 0x000001cdc8393550 Implicit null exception at 0x000001cdf3a55b30 to 0x000001cdf3a5b2b4

ZGC Phase Switch (0 events):
No events

VM Operations (20 events):
Event: 4945.150 Executing VM operation: Cleanup
Event: 4945.150 Executing VM operation: Cleanup done
Event: 4947.153 Executing VM operation: Cleanup
Event: 4947.153 Executing VM operation: Cleanup done
Event: 4989.532 Executing VM operation: Cleanup
Event: 4989.532 Executing VM operation: Cleanup done
Event: 5007.701 Executing VM operation: Cleanup
Event: 5007.701 Executing VM operation: Cleanup done
Event: 5012.758 Executing VM operation: Cleanup
Event: 5012.758 Executing VM operation: Cleanup done
Event: 5016.792 Executing VM operation: Cleanup
Event: 5016.792 Executing VM operation: Cleanup done
Event: 5688.420 Executing VM operation: G1CollectForAllocation (G1 Evacuation Pause)
Event: 5688.424 Executing VM operation: G1CollectForAllocation (G1 Evacuation Pause) done
Event: 7665.958 Executing VM operation: Cleanup
Event: 7665.958 Executing VM operation: Cleanup done
Event: 7667.973 Executing VM operation: Cleanup
Event: 7667.973 Executing VM operation: Cleanup done
Event: 9325.260 Executing VM operation: Cleanup
Event: 9325.260 Executing VM operation: Cleanup done

Memory protections (0 events):
No events

Nmethod flushes (20 events):
Event: 812.505 Thread 0x000001cd826ed120 flushing  nmethod 0x000001cdec37ce90
Event: 812.505 Thread 0x000001cd826ed120 flushing  nmethod 0x000001cdec3ac990
Event: 812.505 Thread 0x000001cd826ed120 flushing  nmethod 0x000001cdec3dde10
Event: 812.505 Thread 0x000001cd826ed120 flushing  nmethod 0x000001cdec4dee10
Event: 812.505 Thread 0x000001cd826ed120 flushing  nmethod 0x000001cdec542790
Event: 812.505 Thread 0x000001cd826ed120 flushing  nmethod 0x000001cdec628110
Event: 812.505 Thread 0x000001cd826ed120 flushing  nmethod 0x000001cdec6fed10
Event: 4943.134 Thread 0x000001cd826ed120 flushing  nmethod 0x000001cdebb20e10
Event: 4943.134 Thread 0x000001cd826ed120 flushing  nmethod 0x000001cdec1efc10
Event: 4943.134 Thread 0x000001cd826ed120 flushing  nmethod 0x000001cdec339b90
Event: 4943.134 Thread 0x000001cd826ed120 flushing  nmethod 0x000001cdec33c010
Event: 4943.134 Thread 0x000001cd826ed120 flushing  nmethod 0x000001cdebbb5090
Event: 4943.134 Thread 0x000001cd826ed120 flushing  nmethod 0x000001cdec12fc10
Event: 4943.134 Thread 0x000001cd826ed120 flushing  nmethod 0x000001cdec34bb90
Event: 4943.134 Thread 0x000001cd826ed120 flushing  nmethod 0x000001cdebc17b90
Event: 4943.134 Thread 0x000001cd826ed120 flushing  nmethod 0x000001cdf3a61090
Event: 4943.134 Thread 0x000001cd826ed120 flushing  nmethod 0x000001cdec6f6190
Event: 4943.134 Thread 0x000001cd826ed120 flushing  nmethod 0x000001cdf36abc90
Event: 4943.134 Thread 0x000001cd826ed120 flushing  nmethod 0x000001cdf36b1410
Event: 4943.134 Thread 0x000001cd826ed120 flushing  nmethod 0x000001cdec2d3290

Events (20 events):
Event: 418.398 Thread 0x000001cdc8393550 Thread added: 0x000001cdc8715f80
Event: 418.399 Thread 0x000001cdc8715f80 Thread exited: 0x000001cdc8715f80
Event: 419.071 Thread 0x000001cdc8393550 Thread added: 0x000001cdc87158f0
Event: 419.072 Thread 0x000001cdc87158f0 Thread exited: 0x000001cdc87158f0
Event: 419.551 Thread 0x000001cdc8393550 Thread added: 0x000001cdc87158f0
Event: 419.552 Thread 0x000001cdc87158f0 Thread exited: 0x000001cdc87158f0
Event: 423.329 Thread 0x000001cdc8393550 Thread added: 0x000001cdc8715f80
Event: 423.330 Thread 0x000001cdc8715f80 Thread exited: 0x000001cdc8715f80
Event: 423.759 Thread 0x000001cdc8393550 Thread added: 0x000001cdc87158f0
Event: 423.760 Thread 0x000001cdc87158f0 Thread exited: 0x000001cdc87158f0
Event: 449.055 Thread 0x000001cdc8393550 Thread added: 0x000001cdc87158f0
Event: 449.061 Thread 0x000001cdc87158f0 Thread exited: 0x000001cdc87158f0
Event: 487.001 Thread 0x000001cdc8393550 Thread added: 0x000001cdc87158f0
Event: 487.004 Thread 0x000001cdc87158f0 Thread exited: 0x000001cdc87158f0
Event: 591.888 Thread 0x000001cdc8393550 Thread added: 0x000001cdc8715f80
Event: 591.891 Thread 0x000001cdc8715f80 Thread exited: 0x000001cdc8715f80
Event: 789.269 Thread 0x000001cdc8393550 Thread added: 0x000001cdc8715f80
Event: 789.271 Thread 0x000001cdc8715f80 Thread exited: 0x000001cdc8715f80
Event: 813.209 Thread 0x000001cdc8393550 Thread added: 0x000001cdc8715260
Event: 813.212 Thread 0x000001cdc8715260 Thread exited: 0x000001cdc8715260


Dynamic libraries:
0x00007ff625340000 - 0x00007ff62534e000 	C:\Program Files\Microsoft\jdk-21.0.6.7-hotspot\bin\javaw.exe
0x00007ffd5f260000 - 0x00007ffd5f4c3000 	C:\WINDOWS\SYSTEM32\ntdll.dll
0x00007ffd5e370000 - 0x00007ffd5e438000 	C:\WINDOWS\System32\KERNEL32.DLL
0x00007ffd5c6d0000 - 0x00007ffd5ca82000 	C:\WINDOWS\System32\KERNELBASE.dll
0x00007ffd06620000 - 0x00007ffd066fc000 	C:\Program Files\Bitdefender\Bitdefender Security\bdhkm\dlls_267528043913762314\bdhkm64.dll
0x00007ffd06460000 - 0x00007ffd0661d000 	C:\Program Files\Bitdefender\Bitdefender Security\atcuf\dlls_267422843040640140\atcuf64.dll
0x00007ffd5cee0000 - 0x00007ffd5d02b000 	C:\WINDOWS\System32\ucrtbase.dll
0x00007ffd560b0000 - 0x00007ffd560c8000 	C:\Program Files\Microsoft\jdk-21.0.6.7-hotspot\bin\jli.dll
0x00007ffd5e6c0000 - 0x00007ffd5e888000 	C:\WINDOWS\System32\USER32.dll
0x00007ffd5cc00000 - 0x00007ffd5cc27000 	C:\WINDOWS\System32\win32u.dll
0x00007ffd5e1e0000 - 0x00007ffd5e20a000 	C:\WINDOWS\System32\GDI32.dll
0x00007ffd5cc30000 - 0x00007ffd5cd5b000 	C:\WINDOWS\System32\gdi32full.dll
0x00007ffd5ca90000 - 0x00007ffd5cb33000 	C:\WINDOWS\System32\msvcp_win.dll
0x00007ffd55d50000 - 0x00007ffd55d6d000 	C:\Program Files\Microsoft\jdk-21.0.6.7-hotspot\bin\VCRUNTIME140.dll
0x00007ffd33850000 - 0x00007ffd33ae0000 	C:\WINDOWS\WinSxS\amd64_microsoft.windows.common-controls_6595b64144ccf1df_6.0.26100.2454_none_3e0b68a2e331ad60\COMCTL32.dll
0x00007ffd5e050000 - 0x00007ffd5e0f9000 	C:\WINDOWS\System32\msvcrt.dll
0x00007ffd5e890000 - 0x00007ffd5e8bf000 	C:\WINDOWS\System32\IMM32.DLL
0x00007ffd57080000 - 0x00007ffd5708c000 	C:\Program Files\Microsoft\jdk-21.0.6.7-hotspot\bin\vcruntime140_1.dll
0x00007ffd34730000 - 0x00007ffd347bd000 	C:\Program Files\Microsoft\jdk-21.0.6.7-hotspot\bin\msvcp140.dll
0x00007ffceb390000 - 0x00007ffcec128000 	C:\Program Files\Microsoft\jdk-21.0.6.7-hotspot\bin\server\jvm.dll
0x00007ffd5ea70000 - 0x00007ffd5eb24000 	C:\WINDOWS\System32\ADVAPI32.dll
0x00007ffd5e610000 - 0x00007ffd5e6b6000 	C:\WINDOWS\System32\sechost.dll
0x00007ffd5f0d0000 - 0x00007ffd5f1e6000 	C:\WINDOWS\System32\RPCRT4.dll
0x00007ffd5f050000 - 0x00007ffd5f0c4000 	C:\WINDOWS\System32\WS2_32.dll
0x00007ffd5c410000 - 0x00007ffd5c45e000 	C:\WINDOWS\SYSTEM32\POWRPROF.dll
0x00007ffd56190000 - 0x00007ffd561c6000 	C:\WINDOWS\SYSTEM32\WINMM.dll
0x00007ffd519a0000 - 0x00007ffd519ab000 	C:\WINDOWS\SYSTEM32\VERSION.dll
0x00007ffd5c2e0000 - 0x00007ffd5c2f4000 	C:\WINDOWS\SYSTEM32\UMPDC.dll
0x00007ffd5b470000 - 0x00007ffd5b48a000 	C:\WINDOWS\SYSTEM32\kernel.appcore.dll
0x00007ffd56070000 - 0x00007ffd5607a000 	C:\Program Files\Microsoft\jdk-21.0.6.7-hotspot\bin\jimage.dll
0x00007ffd59890000 - 0x00007ffd59ad1000 	C:\WINDOWS\SYSTEM32\DBGHELP.DLL
0x00007ffd5dcb0000 - 0x00007ffd5e02e000 	C:\WINDOWS\System32\combase.dll
0x00007ffd5d2a0000 - 0x00007ffd5d376000 	C:\WINDOWS\System32\OLEAUT32.dll
0x00007ffcdae20000 - 0x00007ffcdae59000 	C:\WINDOWS\SYSTEM32\dbgcore.DLL
0x00007ffd5c630000 - 0x00007ffd5c6c9000 	C:\WINDOWS\System32\bcryptPrimitives.dll
0x00007ffd51910000 - 0x00007ffd51930000 	C:\Program Files\Microsoft\jdk-21.0.6.7-hotspot\bin\java.dll
0x00007ffd5d5a0000 - 0x00007ffd5dca1000 	C:\WINDOWS\System32\SHELL32.dll
0x00007ffd5a310000 - 0x00007ffd5ab41000 	C:\WINDOWS\SYSTEM32\windows.storage.dll
0x00007ffd5e100000 - 0x00007ffd5e1da000 	C:\WINDOWS\System32\SHCORE.dll
0x00007ffd5d380000 - 0x00007ffd5d3dd000 	C:\WINDOWS\System32\shlwapi.dll
0x00007ffd5c540000 - 0x00007ffd5c56e000 	C:\WINDOWS\SYSTEM32\profapi.dll
0x00007ffd34580000 - 0x00007ffd34657000 	C:\Program Files\Microsoft\jdk-21.0.6.7-hotspot\bin\jsvml.dll
0x00007ffd55d40000 - 0x00007ffd55d50000 	C:\Program Files\Microsoft\jdk-21.0.6.7-hotspot\bin\net.dll
0x00007ffd57520000 - 0x00007ffd57646000 	C:\WINDOWS\SYSTEM32\WINHTTP.dll
0x00007ffd5b970000 - 0x00007ffd5b9d8000 	C:\WINDOWS\system32\mswsock.dll
0x00007ffd365b0000 - 0x00007ffd365c6000 	C:\Program Files\Microsoft\jdk-21.0.6.7-hotspot\bin\nio.dll
0x00007ffd36590000 - 0x00007ffd365a8000 	C:\Program Files\Microsoft\jdk-21.0.6.7-hotspot\bin\zip.dll
0x00007ffd55d00000 - 0x00007ffd55d09000 	C:\Program Files\Microsoft\jdk-21.0.6.7-hotspot\bin\prefs.dll
0x00007ffcf19c0000 - 0x00007ffcf1b4e000 	C:\Program Files\Microsoft\jdk-21.0.6.7-hotspot\bin\awt.dll
0x00007ffd55f70000 - 0x00007ffd5600c000 	C:\WINDOWS\SYSTEM32\apphelp.dll
0x00007ffd59420000 - 0x00007ffd594cd000 	C:\WINDOWS\system32\uxtheme.dll
0x00007ffd5d0c0000 - 0x00007ffd5d21c000 	C:\WINDOWS\System32\MSCTF.dll
0x00007ffd5e8d0000 - 0x00007ffd5ea69000 	C:\WINDOWS\System32\ole32.dll
0x00007ffd59ae0000 - 0x00007ffd59b0e000 	C:\WINDOWS\system32\DWMAPI.DLL
0x00007ffd0d9d0000 - 0x00007ffd0dadc000 	C:\WINDOWS\system32\opengl32.dll
0x00007ffd0d960000 - 0x00007ffd0d98d000 	C:\WINDOWS\SYSTEM32\GLU32.dll
0x00007ffd59820000 - 0x00007ffd59867000 	C:\WINDOWS\SYSTEM32\dxcore.dll
0x00007ffd344f0000 - 0x00007ffd34577000 	C:\Program Files\Microsoft\jdk-21.0.6.7-hotspot\bin\freetype.dll
0x00007ffd34020000 - 0x00007ffd340fb000 	C:\Program Files\Microsoft\jdk-21.0.6.7-hotspot\bin\fontmanager.dll
0x00007ffd29450000 - 0x00007ffd29504000 	C:\WINDOWS\WinSxS\amd64_microsoft.windows.common-controls_6595b64144ccf1df_5.82.26100.1882_none_87f34cef7a28f535\comctl32.dll
0x00007ffd5d3e0000 - 0x00007ffd5d488000 	C:\WINDOWS\System32\clbcatq.dll
0x00007ffd58ac0000 - 0x00007ffd58bb4000 	C:\WINDOWS\SYSTEM32\PROPSYS.dll
0x00007ffd1d7a0000 - 0x00007ffd1d84f000 	C:\Windows\System32\Windows.FileExplorer.Common.dll
0x00007ffd57db0000 - 0x00007ffd57f18000 	C:\WINDOWS\SYSTEM32\wintypes.dll
0x00007ffd5c180000 - 0x00007ffd5c1df000 	C:\WINDOWS\SYSTEM32\CFGMGR32.dll
0x00007ffd1d100000 - 0x00007ffd1d1ee000 	C:\WINDOWS\system32\Windows.Storage.Search.dll
0x00007ffd1eb20000 - 0x00007ffd1ec9e000 	C:\Windows\System32\Windows.System.Launcher.dll
0x00007ffd36930000 - 0x00007ffd3694a000 	C:\WINDOWS\SYSTEM32\windows.staterepositorycore.dll
0x00007ffd30570000 - 0x00007ffd3062a000 	C:\WINDOWS\System32\StructuredQuery.dll
0x00007ffd302c0000 - 0x00007ffd3055e000 	C:\WINDOWS\System32\icu.dll
0x00007ffd0cf50000 - 0x00007ffd0cf6b000 	C:\WINDOWS\system32\NetworkExplorer.dll
0x00007ffd58960000 - 0x00007ffd58a22000 	C:\WINDOWS\SYSTEM32\policymanager.dll
0x00007ffd58850000 - 0x00007ffd588e1000 	C:\WINDOWS\SYSTEM32\msvcp110_win.dll
0x00007ffd31ab0000 - 0x00007ffd31b67000 	C:\Windows\System32\OneCoreCommonProxyStub.dll
0x00007ffd51070000 - 0x00007ffd51091000 	C:\WINDOWS\SYSTEM32\MPR.dll
0x00007ffd319e0000 - 0x00007ffd31a2f000 	C:\Windows\System32\vaultcli.dll
0x00007ffd36560000 - 0x00007ffd36582000 	C:\WINDOWS\System32\p9np.dll
0x00007ffd51900000 - 0x00007ffd5190d000 	C:\WINDOWS\System32\drprov.dll
0x00007ffd364d0000 - 0x00007ffd364ed000 	C:\WINDOWS\System32\ntlanman.dll
0x00007ffd36470000 - 0x00007ffd36491000 	C:\WINDOWS\System32\davclnt.dll
0x00007ffd5c250000 - 0x00007ffd5c2ae000 	C:\WINDOWS\System32\WINSTA.dll
0x00007ffd56300000 - 0x00007ffd5631b000 	C:\WINDOWS\System32\wkscli.dll
0x00007ffd219f0000 - 0x00007ffd21a03000 	C:\WINDOWS\SYSTEM32\cscapi.dll
0x00007ffd5acd0000 - 0x00007ffd5acdd000 	C:\WINDOWS\System32\netutils.dll
0x00007ffcf7cd0000 - 0x00007ffcf7d29000 	C:\Windows\System32\dlnashext.dll
0x00007ffd35d60000 - 0x00007ffd35dbc000 	C:\Windows\System32\PlayToDevice.dll
0x00007ffd27b70000 - 0x00007ffd27b92000 	C:\Windows\System32\DevDispItemProvider.dll
0x00007ffd57480000 - 0x00007ffd57510000 	C:\WINDOWS\System32\MMDevApi.dll
0x00007ffd5c1f0000 - 0x00007ffd5c21d000 	C:\WINDOWS\System32\DEVOBJ.dll
0x00007ffd34440000 - 0x00007ffd344eb000 	C:\WINDOWS\system32\wpdshext.dll
0x00007ffd28ae0000 - 0x00007ffd28cab000 	C:\WINDOWS\WinSxS\amd64_microsoft.windows.gdiplus_6595b64144ccf1df_1.1.26100.2894_none_6efa5c203dc08dce\gdiplus.dll
0x00007ffd557a0000 - 0x00007ffd5583e000 	C:\Windows\System32\PortableDeviceApi.dll
0x00007ffd5eb30000 - 0x00007ffd5efb6000 	C:\WINDOWS\System32\SETUPAPI.dll
0x00007ffd5d030000 - 0x00007ffd5d0af000 	C:\WINDOWS\System32\WINTRUST.dll
0x00007ffd5cd60000 - 0x00007ffd5ced6000 	C:\WINDOWS\System32\CRYPT32.dll
0x00007ffd5bc80000 - 0x00007ffd5bc93000 	C:\WINDOWS\SYSTEM32\MSASN1.dll
0x00007ffd04450000 - 0x00007ffd04488000 	C:\Windows\System32\EhStorShell.dll
0x00007ffd35d30000 - 0x00007ffd35d55000 	C:\Windows\System32\EhStorAPI.dll
0x00007ffd56290000 - 0x00007ffd562a5000 	C:\Windows\System32\WTSAPI32.dll
0x00007ffd05690000 - 0x00007ffd0569f000 	C:\WINDOWS\SYSTEM32\LINKINFO.dll
0x00007ffd59150000 - 0x00007ffd5937e000 	C:\WINDOWS\SYSTEM32\WindowsCodecs.dll
0x00007ffd1cf50000 - 0x00007ffd1cfaa000 	C:\WINDOWS\system32\dataexchange.dll
0x00007ffd45d30000 - 0x00007ffd45f67000 	C:\WINDOWS\system32\twinapi.appcore.dll
0x00007ffd4b310000 - 0x00007ffd4b456000 	C:\WINDOWS\SYSTEM32\textinputframework.dll
0x00007ffd28a60000 - 0x00007ffd28adc000 	C:\WINDOWS\system32\Oleacc.dll
0x00007ffd36950000 - 0x00007ffd369ad000 	C:\WINDOWS\system32\ApplicationTargetedFeatureDatabase.dll
0x00007ffd554c0000 - 0x00007ffd555e5000 	C:\WINDOWS\SYSTEM32\CoreMessaging.dll
0x00007ffd4dae0000 - 0x00007ffd4ddc3000 	C:\WINDOWS\SYSTEM32\CoreUIComponents.dll
0x00007ffd5bc30000 - 0x00007ffd5bc3c000 	C:\WINDOWS\SYSTEM32\CRYPTBASE.DLL
0x00007ffd0e810000 - 0x00007ffd0e88f000 	C:\WINDOWS\system32\Ninput.dll

dbghelp: loaded successfully - version: 4.0.5 - missing functions: none
symbol engine: initialized successfully - sym options: 0x614 - pdb path: .;C:\Program Files\Microsoft\jdk-21.0.6.7-hotspot\bin;C:\WINDOWS\SYSTEM32;C:\Program Files\Bitdefender\Bitdefender Security\bdhkm\dlls_267528043913762314;C:\Program Files\Bitdefender\Bitdefender Security\atcuf\dlls_267422843040640140;C:\WINDOWS\WinSxS\amd64_microsoft.windows.common-controls_6595b64144ccf1df_6.0.26100.2454_none_3e0b68a2e331ad60;C:\Program Files\Microsoft\jdk-21.0.6.7-hotspot\bin\server;C:\WINDOWS\WinSxS\amd64_microsoft.windows.common-controls_6595b64144ccf1df_5.82.26100.1882_none_87f34cef7a28f535;C:\WINDOWS\WinSxS\amd64_microsoft.windows.gdiplus_6595b64144ccf1df_1.1.26100.2894_none_6efa5c203dc08dce

VM Arguments:
java_command: C:\Users\louis\Documents\GitHub\CSE3666\rars1_6.jar
java_class_path (initial): C:\Users\louis\Documents\GitHub\CSE3666\rars1_6.jar
Launcher Type: SUN_STANDARD

[Global flags]
     intx CICompilerCount                          = 4                                         {product} {ergonomic}
     uint ConcGCThreads                            = 2                                         {product} {ergonomic}
     uint G1ConcRefinementThreads                  = 8                                         {product} {ergonomic}
   size_t G1HeapRegionSize                         = 2097152                                   {product} {ergonomic}
    uintx GCDrainStackTargetSize                   = 64                                        {product} {ergonomic}
   size_t InitialHeapSize                          = 264241152                                 {product} {ergonomic}
   size_t MarkStackSize                            = 4194304                                   {product} {ergonomic}
   size_t MaxHeapSize                              = 4215275520                                {product} {ergonomic}
   size_t MaxNewSize                               = 2529165312                                {product} {ergonomic}
   size_t MinHeapDeltaBytes                        = 2097152                                   {product} {ergonomic}
   size_t MinHeapSize                              = 8388608                                   {product} {ergonomic}
    uintx NonNMethodCodeHeapSize                   = 5839372                                {pd product} {ergonomic}
    uintx NonProfiledCodeHeapSize                  = 122909434                              {pd product} {ergonomic}
    uintx ProfiledCodeHeapSize                     = 122909434                              {pd product} {ergonomic}
    uintx ReservedCodeCacheSize                    = 251658240                              {pd product} {ergonomic}
     bool SegmentedCodeCache                       = true                                      {product} {ergonomic}
   size_t SoftMaxHeapSize                          = 4215275520                             {manageable} {ergonomic}
     bool UseCompressedOops                        = true                           {product lp64_product} {ergonomic}
     bool UseG1GC                                  = true                                      {product} {ergonomic}
     bool UseLargePagesIndividualAllocation        = false                                  {pd product} {ergonomic}

Logging:
Log output configuration:
 #0: stdout all=warning uptime,level,tags foldmultilines=false
 #1: stderr all=off uptime,level,tags foldmultilines=false

Environment Variables:
PATH=C:\Program Files\Microsoft\jdk-21.0.6.7-hotspot\bin;C:\Program Files\Common Files\Oracle\Java\javapath;C:\WINDOWS\system32;C:\WINDOWS;C:\WINDOWS\System32\Wbem;C:\WINDOWS\System32\WindowsPowerShell\v1.0\;C:\WINDOWS\System32\OpenSSH\;C:\Program Files\MATLAB\R2023a\bin;C:\Program Files\MATLAB\R2022a\bin;C:\Program Files\Git\cmd;C:\Program Files\PuTTY\;C:\Program Files\dotnet\;C:\Users\louis\AppData\Local\Programs\Python\Python311\Scripts\;C:\Users\louis\AppData\Local\Programs\Python\Python311\;C:\Users\louis\AppData\Local\Microsoft\WindowsApps;C:\Users\louis\AppData\Local\Programs\Microsoft VS Code\bin;C:\Users\louis\AppData\Local\GitHubDesktop\bin;
USERNAME=louis
OS=Windows_NT
PROCESSOR_IDENTIFIER=Intel64 Family 6 Model 140 Stepping 1, GenuineIntel
TMP=C:\Users\louis\AppData\Local\Temp
TEMP=C:\Users\louis\AppData\Local\Temp




Periodic native trim disabled

---------------  S Y S T E M  ---------------

OS:
 Windows 11 , 64 bit Build 26100 (10.0.26100.2454)
OS uptime: 0 days 13:46 hours
Hyper-V role detected

CPU: total 8 (initial active 8) (4 cores per cpu, 2 threads per core) family 6 model 140 stepping 1 microcode 0xb4, cx8, cmov, fxsr, ht, mmx, 3dnowpref, sse, sse2, sse3, ssse3, sse4.1, sse4.2, popcnt, lzcnt, tsc, tscinvbit, avx, avx2, aes, erms, clmul, bmi1, bmi2, adx, avx512f, avx512dq, avx512cd, avx512bw, avx512vl, sha, fma, vzeroupper, avx512_vpopcntdq, avx512_vpclmulqdq, avx512_vaes, avx512_vnni, clflush, clflushopt, clwb, avx512_vbmi2, avx512_vbmi, hv, rdtscp, rdpid, fsrm, gfni, avx512_bitalg, f16c, cet_ibt, cet_ss, avx512_ifma
Processor Information for the first 8 processors :
  Max Mhz: 2803, Current Mhz: 2803, Mhz Limit: 2803

Memory: 4k page, system-wide physical 16074M (7439M free)
TotalPageFile size 21962M (AvailPageFile size 10876M)
current process WorkingSet (physical memory assigned to process): 154M, peak: 235M
current process commit charge ("private bytes"): 258M, peak: 345M

vm_info: OpenJDK 64-Bit Server VM (21.0.6+7-LTS) for windows-amd64 JRE (21.0.6+7-LTS), built on 2025-01-08T23:03:52Z by "MicrosoftCorporation" with unknown MS VC++:1939

END.
